<?xml version="1.0" encoding="UTF-8"?>
<testsuite xmlns:xsi="http://www.w3.org/2001/XMLSchema-instance" xsi:noNamespaceSchemaLocation="https://maven.apache.org/surefire/maven-surefire-plugin/xsd/surefire-test-report-3.0.xsd" version="3.0" name="co.com.hyunseda.market.domain.ProductTest" time="0.04" tests="8" errors="0" skipped="0" failures="0">
  <properties>
    <property name="java.specification.version" value="22"/>
    <property name="sun.cpu.isalist" value="amd64"/>
    <property name="sun.jnu.encoding" value="Cp1252"/>
    <property name="java.class.path" value="C:\Users\earea\OneDrive\Escritorio\2024.2\Ing. Software 2\CrudProducts-main\CrudProducts-main\CrudProducts\target\test-classes;C:\Users\earea\OneDrive\Escritorio\2024.2\Ing. Software 2\CrudProducts-main\CrudProducts-main\CrudProducts\target\classes;C:\Users\earea\.m2\repository\org\xerial\sqlite-jdbc\3.32.3.2\sqlite-jdbc-3.32.3.2.jar;C:\Users\earea\.m2\repository\org\netbeans\external\AbsoluteLayout\RELEASE120\AbsoluteLayout-RELEASE120.jar;C:\Users\earea\.m2\repository\junit\junit\4.13.2\junit-4.13.2.jar;C:\Users\earea\.m2\repository\org\hamcrest\hamcrest-core\1.3\hamcrest-core-1.3.jar;"/>
    <property name="java.vm.vendor" value="Oracle Corporation"/>
    <property name="sun.arch.data.model" value="64"/>
    <property name="user.variant" value=""/>
    <property name="java.vendor.url" value="https://java.oracle.com/"/>
    <property name="user.timezone" value="America/Bogota"/>
    <property name="user.country.format" value="CO"/>
    <property name="os.name" value="Windows 11"/>
    <property name="java.vm.specification.version" value="22"/>
    <property name="user.country" value="US"/>
    <property name="sun.java.launcher" value="SUN_STANDARD"/>
    <property name="sun.boot.library.path" value="C:\Program Files\Java\jdk-22\bin"/>
    <property name="sun.java.command" value="C:\Users\earea\AppData\Local\Temp\surefire4920299982874075306\surefirebooter-20240919135121399_3.jar C:\Users\earea\AppData\Local\Temp\surefire4920299982874075306 2024-09-19T13-51-20_934-jvmRun1 surefire-20240919135121399_1tmp surefire_0-20240919135121399_2tmp"/>
    <property name="jdk.debug" value="release"/>
    <property name="surefire.test.class.path" value="C:\Users\earea\OneDrive\Escritorio\2024.2\Ing. Software 2\CrudProducts-main\CrudProducts-main\CrudProducts\target\test-classes;C:\Users\earea\OneDrive\Escritorio\2024.2\Ing. Software 2\CrudProducts-main\CrudProducts-main\CrudProducts\target\classes;C:\Users\earea\.m2\repository\org\xerial\sqlite-jdbc\3.32.3.2\sqlite-jdbc-3.32.3.2.jar;C:\Users\earea\.m2\repository\org\netbeans\external\AbsoluteLayout\RELEASE120\AbsoluteLayout-RELEASE120.jar;C:\Users\earea\.m2\repository\junit\junit\4.13.2\junit-4.13.2.jar;C:\Users\earea\.m2\repository\org\hamcrest\hamcrest-core\1.3\hamcrest-core-1.3.jar;"/>
    <property name="sun.cpu.endian" value="little"/>
    <property name="user.home" value="C:\Users\earea"/>
    <property name="user.language" value="en"/>
    <property name="java.specification.vendor" value="Oracle Corporation"/>
    <property name="java.version.date" value="2024-07-16"/>
    <property name="java.home" value="C:\Program Files\Java\jdk-22"/>
    <property name="file.separator" value="\"/>
    <property name="basedir" value="C:\Users\earea\OneDrive\Escritorio\2024.2\Ing. Software 2\CrudProducts-main\CrudProducts-main\CrudProducts"/>
    <property name="java.vm.compressedOopsMode" value="Zero based"/>
    <property name="line.separator" value="&#10;"/>
    <property name="java.vm.specification.vendor" value="Oracle Corporation"/>
    <property name="java.specification.name" value="Java Platform API Specification"/>
    <property name="surefire.real.class.path" value="C:\Users\earea\AppData\Local\Temp\surefire4920299982874075306\surefirebooter-20240919135121399_3.jar"/>
    <property name="user.script" value=""/>
    <property name="sun.management.compiler" value="HotSpot 64-Bit Tiered Compilers"/>
    <property name="java.runtime.version" value="22.0.2+9-70"/>
    <property name="user.name" value="earea"/>
    <property name="stdout.encoding" value="Cp1252"/>
    <property name="path.separator" value=";"/>
    <property name="os.version" value="10.0"/>
    <property name="java.runtime.name" value="Java(TM) SE Runtime Environment"/>
    <property name="file.encoding" value="UTF-8"/>
    <property name="java.vm.name" value="Java HotSpot(TM) 64-Bit Server VM"/>
    <property name="maven.ext.class.path" value="C:\Program Files\NetBeans-22\netbeans\java\maven-nblib\netbeans-eventspy.jar"/>
    <property name="localRepository" value="C:\Users\earea\.m2\repository"/>
    <property name="java.vendor.url.bug" value="https://bugreport.java.com/bugreport/"/>
    <property name="java.io.tmpdir" value="C:\Users\earea\AppData\Local\Temp\"/>
    <property name="java.version" value="22.0.2"/>
    <property name="user.dir" value="C:\Users\earea\OneDrive\Escritorio\2024.2\Ing. Software 2\CrudProducts-main\CrudProducts-main\CrudProducts"/>
    <property name="os.arch" value="amd64"/>
    <property name="java.vm.specification.name" value="Java Virtual Machine Specification"/>
    <property name="user.language.format" value="es"/>
    <property name="sun.os.patch.level" value=""/>
    <property name="native.encoding" value="Cp1252"/>
    <property name="java.library.path" value="C:\Program Files\Java\jdk-22\bin;C:\WINDOWS\Sun\Java\bin;C:\WINDOWS\system32;C:\WINDOWS;C:\Program Files\Common Files\Oracle\Java\javapath;C:\Windows\system32;C:\Windows;C:\Windows\System32\Wbem;C:\Windows\System32\WindowsPowerShell\v1.0\;C:\Windows\System32\OpenSSH\;C:\Program Files (x86)\NVIDIA Corporation\PhysX\Common;C:\Program Files\NVIDIA Corporation\NVIDIA NvDLISR;C:\WINDOWS\system32;C:\WINDOWS;C:\WINDOWS\System32\Wbem;C:\WINDOWS\System32\WindowsPowerShell\v1.0\;C:\WINDOWS\System32\OpenSSH\;C:\Program Files\Microsoft SQL Server\150\Tools\Binn\;C:\Program Files\Microsoft SQL Server\Client SDK\ODBC\170\Tools\Binn\;C:\Program Files\dotnet\;C:\Program Files\Git\cmd;C:\Users\earea\AppData\Local\Microsoft\WindowsApps;C:\Users\earea\AppData\Local\Programs\Microsoft VS Code\bin;C:\Users\earea\.dotnet\tools;C:\Program Files\JetBrains\IntelliJ IDEA 2024.2.1\bin;;."/>
    <property name="java.vm.info" value="mixed mode, sharing"/>
    <property name="stderr.encoding" value="Cp1252"/>
    <property name="java.vendor" value="Oracle Corporation"/>
    <property name="java.vm.version" value="22.0.2+9-70"/>
    <property name="sun.io.unicode.encoding" value="UnicodeLittle"/>
    <property name="java.class.version" value="66.0"/>
  </properties>
  <testcase name="testSetDescription" classname="co.com.hyunseda.market.domain.ProductTest" time="0.0">
    <system-out><![CDATA[setDescription
]]></system-out>
  </testcase>
  <testcase name="testGetName" classname="co.com.hyunseda.market.domain.ProductTest" time="0.017">
    <system-out><![CDATA[getName
]]></system-out>
  </testcase>
  <testcase name="testGetProductId" classname="co.com.hyunseda.market.domain.ProductTest" time="0.002">
    <system-out><![CDATA[getProductId
]]></system-out>
  </testcase>
  <testcase name="testGetDescription" classname="co.com.hyunseda.market.domain.ProductTest" time="0.005">
    <system-out><![CDATA[getDescription
]]></system-out>
  </testcase>
  <testcase name="testSetCategory" classname="co.com.hyunseda.market.domain.ProductTest" time="0.004">
    <system-out><![CDATA[setCategory
]]></system-out>
  </testcase>
  <testcase name="testGetCategory" classname="co.com.hyunseda.market.domain.ProductTest" time="0.003">
    <system-out><![CDATA[getCategory
]]></system-out>
  </testcase>
  <testcase name="testSetProductId" classname="co.com.hyunseda.market.domain.ProductTest" time="0.003">
    <system-out><![CDATA[setProductId
]]></system-out>
  </testcase>
  <testcase name="testSetName" classname="co.com.hyunseda.market.domain.ProductTest" time="0.0">
    <system-out><![CDATA[setName
]]></system-out>
  </testcase>
</testsuite>